<?xml version="1.0" encoding="UTF-8"?>
<testsuite xmlns:xsi="http://www.w3.org/2001/XMLSchema-instance" xsi:noNamespaceSchemaLocation="https://maven.apache.org/surefire/maven-surefire-plugin/xsd/surefire-test-report.xsd" name="server.GameBoardTest" time="0.006" tests="6" errors="0" skipped="0" failures="0">
  <properties>
[...]
</properties>
  <testcase name="equalityOfTwoBoardsSameSizeAndValues" classname="server.GameBoardTest" time="0.001"/>
  <testcase name="equalityOfTwoBoardsSameSizeDifferentValues" classname="server.GameBoardTest" time="0"/>
  <testcase name="twoArgumentsBoardInitialization" classname="server.GameBoardTest" time="0.001"/>
  <testcase name="equalityOfCopiedBoard" classname="server.GameBoardTest" time="0.001"/>
  <testcase name="oneArgumentBoardInitialization" classname="server.GameBoardTest" time="0"/>
  <testcase name="equalityOfTwoBoardsDifferentSize" classname="server.GameBoardTest" time="0"/>
</testsuite>